<?xml version="1.0" encoding="UTF-8"?>
<!-- Generated by org.testng.reporters.JUnitReportReporter -->
<testsuite hostname="M_Dell_2024" failures="0" tests="6" name="TestngPractice.WorkingWithThreadPool" time="48.496" errors="0" timestamp="2025-03-04T21:14:17 EST" skipped="0">
  <testcase classname="TestngPractice.WorkingWithThreadPool" name="facebookTest" time="9.558">
    <system-out>
      <![CDATA[Navigated to Facebook]]>
    </system-out>
  </testcase> <!-- facebookTest -->
  <testcase classname="TestngPractice.WorkingWithThreadPool" name="facebookTest" time="2.331">
    <system-out>
      <![CDATA[Navigated to Facebook]]>
    </system-out>
  </testcase> <!-- facebookTest -->
  <testcase classname="TestngPractice.WorkingWithThreadPool" name="facebookTest" time="9.129">
    <system-out>
      <![CDATA[Navigated to Facebook]]>
    </system-out>
  </testcase> <!-- facebookTest -->
  <testcase classname="TestngPractice.WorkingWithThreadPool" name="facebookTest" time="8.788">
    <system-out>
      <![CDATA[Navigated to Facebook]]>
    </system-out>
  </testcase> <!-- facebookTest -->
  <testcase classname="TestngPractice.WorkingWithThreadPool" name="facebookTest" time="9.250">
    <system-out>
      <![CDATA[Navigated to Facebook]]>
    </system-out>
  </testcase> <!-- facebookTest -->
  <testcase classname="TestngPractice.WorkingWithThreadPool" name="facebookTest" time="9.440">
    <system-out>
      <![CDATA[Navigated to Facebook]]>
    </system-out>
  </testcase> <!-- facebookTest -->
  <system-out>
    <![CDATA[Navigated to Facebook
Navigated to Facebook
Navigated to Facebook
Navigated to Facebook
Navigated to Facebook
Navigated to Facebook]]>
  </system-out>
</testsuite> <!-- TestngPractice.WorkingWithThreadPool -->
