<?xml version="1.0" encoding="UTF-8"?>
<!-- Generated by org.testng.reporters.JUnitReportReporter -->
<testsuite hostname="M_Dell_2024" failures="0" tests="1" name="ObjectRepo.SearchingProduct" time="5.692" errors="0" timestamp="2025-03-06T22:20:13 EST" skipped="0">
  <testcase classname="ObjectRepo.SearchingProduct" name="testcase" time="5.692"/>
</testsuite> <!-- ObjectRepo.SearchingProduct -->
