<?xml version="1.0" encoding="UTF-8"?>
<!-- Generated by org.testng.reporters.JUnitReportReporter -->
<testsuite hostname="M_Dell_2024" failures="0" tests="1" name="TestngPractice.Practice2" time="1.934" errors="0" timestamp="2025-02-28T21:48:20 EST" skipped="0">
  <testcase classname="TestngPractice.Practice2" name="instagramTest" time="1.934">
    <system-out>
      <![CDATA[Navigated to Instagram]]>
    </system-out>
  </testcase> <!-- instagramTest -->
  <system-out>
    <![CDATA[Navigated to Facebook
Navigated to Instagram]]>
  </system-out>
</testsuite> <!-- TestngPractice.Practice2 -->
