<?xml version="1.0" encoding="UTF-8"?>
<!-- Generated by org.testng.reporters.JUnitReportReporter -->
<testsuite hostname="M_Dell_2024" failures="0" tests="1" name="TestngPractice.TestngPractice1" time="0.002" errors="0" timestamp="2025-03-06T21:24:13 EST" skipped="0">
  <testcase classname="TestngPractice.TestngPractice1" name="testcase1" time="0.002"/>
</testsuite> <!-- TestngPractice.TestngPractice1 -->
