<?xml version="1.0" encoding="UTF-8"?>
<!-- Generated by org.testng.reporters.JUnitReportReporter -->
<testsuite hostname="M_Dell_2024" failures="0" tests="4" name="TestngPractice.WorkingWithEnabled" time="5.248" errors="0" timestamp="2025-03-04T21:23:24 EST" skipped="2">
  <testcase classname="TestngPractice.WorkingWithEnabled" name="instagramTest" time="2.932">
    <system-out>
      <![CDATA[Navigated to Instagram]]>
    </system-out>
  </testcase> <!-- instagramTest -->
  <testcase classname="TestngPractice.WorkingWithEnabled" name="amazonTest" time="2.316">
    <system-out>
      <![CDATA[Navigated to Amazon]]>
    </system-out>
  </testcase> <!-- amazonTest -->
  <testcase classname="TestngPractice.WorkingWithEnabled" name="youTube">
    <skipped/>
  </testcase> <!-- youTube -->
  <testcase classname="TestngPractice.WorkingWithEnabled" name="facebookTest">
    <skipped/>
  </testcase> <!-- facebookTest -->
  <system-out>
    <![CDATA[Navigated to Instagram
Navigated to Amazon]]>
  </system-out>
</testsuite> <!-- TestngPractice.WorkingWithEnabled -->
