<?xml version="1.0" encoding="UTF-8"?>
<!-- Generated by org.testng.reporters.JUnitReportReporter -->
<testsuite hostname="M_Dell_2024" failures="0" tests="1" name="A01_Login.Login" time="9.457" errors="0" timestamp="2025-03-20T10:34:36 EDT" skipped="0">
  <testcase classname="A01_Login.Login" name="LoginTest" time="9.457"/>
</testsuite> <!-- A01_Login.Login -->
