<?xml version="1.0" encoding="UTF-8"?>
<!-- Generated by org.testng.reporters.JUnitReportReporter -->
<testsuite hostname="M_Dell_2024" failures="0" tests="1" name="ProductTest.CreateProduct" time="18.251" errors="0" timestamp="2025-03-29T09:56:48 EDT" skipped="0">
  <testcase classname="ProductTest.CreateProduct" name="CreateProductTest" time="18.251">
    <system-out>
      <![CDATA[Product added successfully]]>
    </system-out>
  </testcase> <!-- CreateProductTest -->
  <system-out>
    <![CDATA[Campaign Manner2584 added successfully
Campaign Manner4388 added successfully
Product added successfully
Validation is passed]]>
  </system-out>
</testsuite> <!-- ProductTest.CreateProduct -->
