<?xml version="1.0" encoding="UTF-8"?>
<!-- Generated by org.testng.reporters.JUnitReportReporter -->
<testsuite hostname="M_Dell_2024" failures="0" tests="3" name="Z_DDTPractice.DataProviderUsage" time="0.020" errors="0" timestamp="2025-03-25T11:17:10 EDT" skipped="0">
  <testcase classname="Z_DDTPractice.DataProviderUsage" name="testCase" time="0.016"/>
  <testcase classname="Z_DDTPractice.DataProviderUsage" name="testCase" time="0.002"/>
  <testcase classname="Z_DDTPractice.DataProviderUsage" name="testCase" time="0.002"/>
</testsuite> <!-- Z_DDTPractice.DataProviderUsage -->
