<?xml version="1.0" encoding="UTF-8"?>
<!-- Generated by org.testng.reporters.JUnitReportReporter -->
<testsuite hostname="M_Dell_2024" failures="0" tests="2" name="CampaignTest.CreateCampaign" time="66.142" errors="0" timestamp="2025-03-29T09:56:48 EDT" skipped="0">
  <testcase classname="CampaignTest.CreateCampaign" name="createCampaignTest" time="37.865">
    <system-out>
      <![CDATA[Campaign Manner2584 added successfully]]>
    </system-out>
  </testcase> <!-- createCampaignTest -->
  <testcase classname="CampaignTest.CreateCampaign" name="createCampaignWithDateTest" time="28.277">
    <system-out>
      <![CDATA[Campaign Manner4388 added successfully]]>
    </system-out>
  </testcase> <!-- createCampaignWithDateTest -->
  <system-out>
    <![CDATA[Campaign Manner2584 added successfully
Campaign Manner4388 added successfully
Product added successfully
Validation is passed]]>
  </system-out>
</testsuite> <!-- CampaignTest.CreateCampaign -->
