<?xml version="1.0" encoding="UTF-8"?>
<!-- Generated by org.testng.reporters.JUnitReportReporter -->
<testsuite hostname="M_Dell_2024" failures="0" tests="5" name="TestngPractice.WorkingWithAttributes" time="14.417" errors="0" timestamp="2025-02-28T22:17:51 EST" skipped="0">
  <testcase classname="TestngPractice.WorkingWithAttributes" name="instagramTest" time="3.550">
    <system-out>
      <![CDATA[Navigated to Instagram]]>
    </system-out>
  </testcase> <!-- instagramTest -->
  <testcase classname="TestngPractice.WorkingWithAttributes" name="amazonTest" time="2.795">
    <system-out>
      <![CDATA[Navigated to Amazon]]>
    </system-out>
  </testcase> <!-- amazonTest -->
  <testcase classname="TestngPractice.WorkingWithAttributes" name="youTube" time="3.848">
    <system-out>
      <![CDATA[Navigated to YouTube]]>
    </system-out>
  </testcase> <!-- youTube -->
  <testcase classname="TestngPractice.WorkingWithAttributes" name="facebookTest" time="2.154">
    <system-out>
      <![CDATA[Navigated to Facebook]]>
    </system-out>
  </testcase> <!-- facebookTest -->
  <testcase classname="TestngPractice.WorkingWithAttributes" name="facebookTest" time="2.070">
    <system-out>
      <![CDATA[Navigated to Facebook]]>
    </system-out>
  </testcase> <!-- facebookTest -->
  <system-out>
    <![CDATA[Navigated to Instagram
Navigated to Amazon
Navigated to YouTube
Navigated to Facebook
Navigated to Facebook]]>
  </system-out>
</testsuite> <!-- TestngPractice.WorkingWithAttributes -->
