<?xml version="1.0" encoding="UTF-8"?>
<!-- Generated by org.testng.reporters.JUnitReportReporter -->
<testsuite hostname="M_Dell_2024" failures="0" tests="1" name="TestngPractice.AnnotationPractice" time="0.014" errors="0" timestamp="2025-03-06T20:54:02 EST" skipped="0">
  <testcase classname="TestngPractice.AnnotationPractice" name="testcase1" time="0.014"/>
</testsuite> <!-- TestngPractice.AnnotationPractice -->
