<?xml version="1.0" encoding="UTF-8"?>
<!-- Generated by org.testng.reporters.JUnitReportReporter -->
<testsuite hostname="M_Dell_2024" failures="0" tests="1" name="TestngPractice.WorkingWithSoftAssert" time="0.024" errors="0" timestamp="2025-03-04T22:14:23 EST" skipped="0">
  <testcase classname="TestngPractice.WorkingWithSoftAssert" name="testcase1" time="0.024"/>
</testsuite> <!-- TestngPractice.WorkingWithSoftAssert -->
